# JRE version: Java(TM) SE Runtime Environment (8.0_45-b15) (build 1.8.0_45-b15)
# Java VM: Java HotSpot(TM) 64-Bit Server VM (25.45-b02 mixed mode windows-amd64 compressed oops)
Heap:
 PSYoungGen      total 244224K, used 84202K [0x00000000d5e00000, 0x00000000e7a00000, 0x0000000100000000)
  eden space 228352K, 29% used [0x00000000d5e00000,0x00000000da0bb318,0x00000000e3d00000)
  from space 15872K, 99% used [0x00000000e5b00000,0x00000000e6a7f5e8,0x00000000e6a80000)
  to   space 12288K, 0% used [0x00000000e6e00000,0x00000000e6e00000,0x00000000e7a00000)
 ParOldGen       total 63488K, used 21202K [0x0000000081a00000, 0x0000000085800000, 0x00000000d5e00000)
  object space 63488K, 33% used [0x0000000081a00000,0x0000000082eb4958,0x0000000085800000)
 Metaspace       used 24568K, capacity 25306K, committed 25600K, reserved 1071104K
  class space    used 2855K, capacity 3017K, committed 3072K, reserved 1048576K
GC Heap History (10 events):
Event: 8.268 GC heap before
{Heap before GC invocations=4 (full 0):
 PSYoungGen      total 71680K, used 71664K [0x00000000d5e00000, 0x00000000dea00000, 0x0000000100000000)
  eden space 66560K, 100% used [0x00000000d5e00000,0x00000000d9f00000,0x00000000d9f00000)
  from space 5120K, 99% used [0x00000000d9f00000,0x00000000da3fc010,0x00000000da400000)
  to   space 5120K, 0% used [0x00000000de500000,0x00000000de500000,0x00000000dea00000)
 ParOldGen       total 87552K, used 7021K [0x0000000081a00000, 0x0000000086f80000, 0x00000000d5e00000)
  object space 87552K, 8% used [0x0000000081a00000,0x00000000820db670,0x0000000086f80000)
 Metaspace       used 20316K, capacity 20778K, committed 21120K, reserved 1067008K
  class space    used 2460K, capacity 2587K, committed 2688K, reserved 1048576K
Event: 8.300 GC heap after
Heap after GC invocations=4 (full 0):
 PSYoungGen      total 138240K, used 5104K [0x00000000d5e00000, 0x00000000dea00000, 0x0000000100000000)
  eden space 133120K, 0% used [0x00000000d5e00000,0x00000000d5e00000,0x00000000de000000)
  from space 5120K, 99% used [0x00000000de500000,0x00000000de9fc010,0x00000000dea00000)
  to   space 5120K, 0% used [0x00000000de000000,0x00000000de000000,0x00000000de500000)
 ParOldGen       total 87552K, used 11997K [0x0000000081a00000, 0x0000000086f80000, 0x00000000d5e00000)
  object space 87552K, 13% used [0x0000000081a00000,0x00000000825b74b8,0x0000000086f80000)
 Metaspace       used 20316K, capacity 20778K, committed 21120K, reserved 1067008K
  class space    used 2460K, capacity 2587K, committed 2688K, reserved 1048576K
}
Event: 8.397 GC heap before
{Heap before GC invocations=5 (full 0):
 PSYoungGen      total 138240K, used 7730K [0x00000000d5e00000, 0x00000000dea00000, 0x0000000100000000)
  eden space 133120K, 1% used [0x00000000d5e00000,0x00000000d60908b8,0x00000000de000000)
  from space 5120K, 99% used [0x00000000de500000,0x00000000de9fc010,0x00000000dea00000)
  to   space 5120K, 0% used [0x00000000de000000,0x00000000de000000,0x00000000de500000)
 ParOldGen       total 87552K, used 11997K [0x0000000081a00000, 0x0000000086f80000, 0x00000000d5e00000)
  object space 87552K, 13% used [0x0000000081a00000,0x00000000825b74b8,0x0000000086f80000)
 Metaspace       used 20705K, capacity 21162K, committed 21296K, reserved 1069056K
  class space    used 2512K, capacity 2651K, committed 2688K, reserved 1048576K
Event: 8.420 GC heap after
Heap after GC invocations=5 (full 0):
 PSYoungGen      total 138240K, used 5120K [0x00000000d5e00000, 0x00000000e7a00000, 0x0000000100000000)
  eden space 133120K, 0% used [0x00000000d5e00000,0x00000000d5e00000,0x00000000de000000)
  from space 5120K, 100% used [0x00000000de000000,0x00000000de500000,0x00000000de500000)
  to   space 12288K, 0% used [0x00000000e6e00000,0x00000000e6e00000,0x00000000e7a00000)
 ParOldGen       total 87552K, used 12244K [0x0000000081a00000, 0x0000000086f80000, 0x00000000d5e00000)
  object space 87552K, 13% used [0x0000000081a00000,0x00000000825f5300,0x0000000086f80000)
 Metaspace       used 20705K, capacity 21162K, committed 21296K, reserved 1069056K
  class space    used 2512K, capacity 2651K, committed 2688K, reserved 1048576K
}
Event: 8.420 GC heap before
{Heap before GC invocations=6 (full 1):
 PSYoungGen      total 138240K, used 5120K [0x00000000d5e00000, 0x00000000e7a00000, 0x0000000100000000)
  eden space 133120K, 0% used [0x00000000d5e00000,0x00000000d5e00000,0x00000000de000000)
  from space 5120K, 100% used [0x00000000de000000,0x00000000de500000,0x00000000de500000)
  to   space 12288K, 0% used [0x00000000e6e00000,0x00000000e6e00000,0x00000000e7a00000)
 ParOldGen       total 87552K, used 12244K [0x0000000081a00000, 0x0000000086f80000, 0x00000000d5e00000)
  object space 87552K, 13% used [0x0000000081a00000,0x00000000825f5300,0x0000000086f80000)
 Metaspace       used 20705K, capacity 21162K, committed 21296K, reserved 1069056K
  class space    used 2512K, capacity 2651K, committed 2688K, reserved 1048576K
Event: 8.568 GC heap after
Heap after GC invocations=6 (full 1):
 PSYoungGen      total 138240K, used 0K [0x00000000d5e00000, 0x00000000e7a00000, 0x0000000100000000)
  eden space 133120K, 0% used [0x00000000d5e00000,0x00000000d5e00000,0x00000000de000000)
  from space 5120K, 0% used [0x00000000de000000,0x00000000de000000,0x00000000de500000)
  to   space 12288K, 0% used [0x00000000e6e00000,0x00000000e6e00000,0x00000000e7a00000)
 ParOldGen       total 63488K, used 14629K [0x0000000081a00000, 0x0000000085800000, 0x00000000d5e00000)
  object space 63488K, 23% used [0x0000000081a00000,0x0000000082849500,0x0000000085800000)
 Metaspace       used 20705K, capacity 21162K, committed 21296K, reserved 1069056K
  class space    used 2512K, capacity 2651K, committed 2688K, reserved 1048576K
}
Event: 12.121 GC heap before
{Heap before GC invocations=7 (full 1):
 PSYoungGen      total 138240K, used 133120K [0x00000000d5e00000, 0x00000000e7a00000, 0x0000000100000000)
  eden space 133120K, 100% used [0x00000000d5e00000,0x00000000de000000,0x00000000de000000)
  from space 5120K, 0% used [0x00000000de000000,0x00000000de000000,0x00000000de500000)
  to   space 12288K, 0% used [0x00000000e6e00000,0x00000000e6e00000,0x00000000e7a00000)
 ParOldGen       total 63488K, used 14629K [0x0000000081a00000, 0x0000000085800000, 0x00000000d5e00000)
  object space 63488K, 23% used [0x0000000081a00000,0x0000000082849500,0x0000000085800000)
 Metaspace       used 23596K, capacity 24270K, committed 24448K, reserved 1071104K
  class space    used 2764K, capacity 2912K, committed 2944K, reserved 1048576K
Event: 12.161 GC heap after
Heap after GC invocations=7 (full 1):
 PSYoungGen      total 240640K, used 12274K [0x00000000d5e00000, 0x00000000e7a00000, 0x0000000100000000)
  eden space 228352K, 0% used [0x00000000d5e00000,0x00000000d5e00000,0x00000000e3d00000)
  from space 12288K, 99% used [0x00000000e6e00000,0x00000000e79fc850,0x00000000e7a00000)
  to   space 15872K, 0% used [0x00000000e5b00000,0x00000000e5b00000,0x00000000e6a80000)
 ParOldGen       total 63488K, used 17124K [0x0000000081a00000, 0x0000000085800000, 0x00000000d5e00000)
  object space 63488K, 26% used [0x0000000081a00000,0x0000000082ab93d8,0x0000000085800000)
 Metaspace       used 23596K, capacity 24270K, committed 24448K, reserved 1071104K
  class space    used 2764K, capacity 2912K, committed 2944K, reserved 1048576K
}
Event: 15.613 GC heap before
{Heap before GC invocations=8 (full 1):
 PSYoungGen      total 240640K, used 240626K [0x00000000d5e00000, 0x00000000e7a00000, 0x0000000100000000)
  eden space 228352K, 100% used [0x00000000d5e00000,0x00000000e3d00000,0x00000000e3d00000)
  from space 12288K, 99% used [0x00000000e6e00000,0x00000000e79fc850,0x00000000e7a00000)
  to   space 15872K, 0% used [0x00000000e5b00000,0x00000000e5b00000,0x00000000e6a80000)
 ParOldGen       total 63488K, used 17124K [0x0000000081a00000, 0x0000000085800000, 0x00000000d5e00000)
  object space 63488K, 26% used [0x0000000081a00000,0x0000000082ab93d8,0x0000000085800000)
 Metaspace       used 23894K, capacity 24538K, committed 24832K, reserved 1071104K
  class space    used 2780K, capacity 2953K, committed 3072K, reserved 1048576K
Event: 15.656 GC heap after
Heap after GC invocations=8 (full 1):
 PSYoungGen      total 244224K, used 15869K [0x00000000d5e00000, 0x00000000e7a00000, 0x0000000100000000)
  eden space 228352K, 0% used [0x00000000d5e00000,0x00000000d5e00000,0x00000000e3d00000)
  from space 15872K, 99% used [0x00000000e5b00000,0x00000000e6a7f5e8,0x00000000e6a80000)
  to   space 12288K, 0% used [0x00000000e6e00000,0x00000000e6e00000,0x00000000e7a00000)
 ParOldGen       total 63488K, used 21202K [0x0000000081a00000, 0x0000000085800000, 0x00000000d5e00000)
  object space 63488K, 33% used [0x0000000081a00000,0x0000000082eb4958,0x0000000085800000)
 Metaspace       used 23894K, capacity 24538K, committed 24832K, reserved 1071104K
  class space    used 2780K, capacity 2953K, committed 3072K, reserved 1048576K
}

