# JRE version: Java(TM) SE Runtime Environment (8.0_45-b15) (build 1.8.0_45-b15)
# Java VM: Java HotSpot(TM) 64-Bit Server VM (25.45-b02 mixed mode windows-amd64 compressed oops)
Heap:
 PSYoungGen      total 35328K, used 8025K [0x00000000d5e00000, 0x00000000d8b80000, 0x0000000100000000)
  eden space 25088K, 31% used [0x00000000d5e00000,0x00000000d65ce530,0x00000000d7680000)
  from space 10240K, 0% used [0x00000000d8180000,0x00000000d8188000,0x00000000d8b80000)
  to   space 10752K, 0% used [0x00000000d7680000,0x00000000d7680000,0x00000000d8100000)
 ParOldGen       total 87552K, used 26624K [0x0000000081a00000, 0x0000000086f80000, 0x00000000d5e00000)
  object space 87552K, 30% used [0x0000000081a00000,0x00000000834002c0,0x0000000086f80000)
 Metaspace       used 8443K, capacity 8580K, committed 8704K, reserved 1056768K
  class space    used 930K, capacity 954K, committed 1024K, reserved 1048576K
GC Heap History (10 events):
Event: 50.758 GC heap before
{Heap before GC invocations=10 (full 0):
 PSYoungGen      total 36864K, used 36839K [0x00000000d5e00000, 0x00000000d8e00000, 0x0000000100000000)
  eden space 27648K, 100% used [0x00000000d5e00000,0x00000000d7900000,0x00000000d7900000)
  from space 9216K, 99% used [0x00000000d7980000,0x00000000d8279eb8,0x00000000d8280000)
  to   space 10752K, 0% used [0x00000000d8380000,0x00000000d8380000,0x00000000d8e00000)
 ParOldGen       total 87552K, used 10295K [0x0000000081a00000, 0x0000000086f80000, 0x00000000d5e00000)
  object space 87552K, 11% used [0x0000000081a00000,0x000000008240dfc8,0x0000000086f80000)
 Metaspace       used 8416K, capacity 8504K, committed 8704K, reserved 1056768K
  class space    used 928K, capacity 952K, committed 1024K, reserved 1048576K
Event: 50.762 GC heap after
Heap after GC invocations=10 (full 0):
 PSYoungGen      total 37888K, used 32K [0x00000000d5e00000, 0x00000000d8e80000, 0x0000000100000000)
  eden space 27136K, 0% used [0x00000000d5e00000,0x00000000d5e00000,0x00000000d7880000)
  from space 10752K, 0% used [0x00000000d8380000,0x00000000d8388000,0x00000000d8e00000)
  to   space 11264K, 0% used [0x00000000d7880000,0x00000000d7880000,0x00000000d8380000)
 ParOldGen       total 87552K, used 22990K [0x0000000081a00000, 0x0000000086f80000, 0x00000000d5e00000)
  object space 87552K, 26% used [0x0000000081a00000,0x0000000083073820,0x0000000086f80000)
 Metaspace       used 8416K, capacity 8504K, committed 8704K, reserved 1056768K
  class space    used 928K, capacity 952K, committed 1024K, reserved 1048576K
}
Event: 51.083 GC heap before
{Heap before GC invocations=11 (full 0):
 PSYoungGen      total 37888K, used 27168K [0x00000000d5e00000, 0x00000000d8e80000, 0x0000000100000000)
  eden space 27136K, 100% used [0x00000000d5e00000,0x00000000d7880000,0x00000000d7880000)
  from space 10752K, 0% used [0x00000000d8380000,0x00000000d8388000,0x00000000d8e00000)
  to   space 11264K, 0% used [0x00000000d7880000,0x00000000d7880000,0x00000000d8380000)
 ParOldGen       total 87552K, used 22990K [0x0000000081a00000, 0x0000000086f80000, 0x00000000d5e00000)
  object space 87552K, 26% used [0x0000000081a00000,0x0000000083073820,0x0000000086f80000)
 Metaspace       used 8416K, capacity 8504K, committed 8704K, reserved 1056768K
  class space    used 928K, capacity 952K, committed 1024K, reserved 1048576K
Event: 51.084 GC heap after
Heap after GC invocations=11 (full 0):
 PSYoungGen      total 27136K, used 32K [0x00000000d5e00000, 0x00000000d8e00000, 0x0000000100000000)
  eden space 26624K, 0% used [0x00000000d5e00000,0x00000000d5e00000,0x00000000d7800000)
  from space 512K, 6% used [0x00000000d7880000,0x00000000d7888000,0x00000000d7900000)
  to   space 11264K, 0% used [0x00000000d8300000,0x00000000d8300000,0x00000000d8e00000)
 ParOldGen       total 87552K, used 22990K [0x0000000081a00000, 0x0000000086f80000, 0x00000000d5e00000)
  object space 87552K, 26% used [0x0000000081a00000,0x0000000083073820,0x0000000086f80000)
 Metaspace       used 8416K, capacity 8504K, committed 8704K, reserved 1056768K
  class space    used 928K, capacity 952K, committed 1024K, reserved 1048576K
}
Event: 51.664 GC heap before
{Heap before GC invocations=12 (full 0):
 PSYoungGen      total 27136K, used 25867K [0x00000000d5e00000, 0x00000000d8e00000, 0x0000000100000000)
  eden space 26624K, 97% used [0x00000000d5e00000,0x00000000d773ac68,0x00000000d7800000)
  from space 512K, 6% used [0x00000000d7880000,0x00000000d7888000,0x00000000d7900000)
  to   space 11264K, 0% used [0x00000000d8300000,0x00000000d8300000,0x00000000d8e00000)
 ParOldGen       total 87552K, used 22990K [0x0000000081a00000, 0x0000000086f80000, 0x00000000d5e00000)
  object space 87552K, 26% used [0x0000000081a00000,0x0000000083073820,0x0000000086f80000)
 Metaspace       used 8417K, capacity 8504K, committed 8704K, reserved 1056768K
  class space    used 928K, capacity 952K, committed 1024K, reserved 1048576K
Event: 51.665 GC heap after
Heap after GC invocations=12 (full 0):
 PSYoungGen      total 35840K, used 4190K [0x00000000d5e00000, 0x00000000d8c80000, 0x0000000100000000)
  eden space 26112K, 0% used [0x00000000d5e00000,0x00000000d5e00000,0x00000000d7780000)
  from space 9728K, 43% used [0x00000000d8300000,0x00000000d87179b0,0x00000000d8c80000)
  to   space 10752K, 0% used [0x00000000d7780000,0x00000000d7780000,0x00000000d8200000)
 ParOldGen       total 87552K, used 22998K [0x0000000081a00000, 0x0000000086f80000, 0x00000000d5e00000)
  object space 87552K, 26% used [0x0000000081a00000,0x0000000083075820,0x0000000086f80000)
 Metaspace       used 8417K, capacity 8504K, committed 8704K, reserved 1056768K
  class space    used 928K, capacity 952K, committed 1024K, reserved 1048576K
}
Event: 52.883 GC heap before
{Heap before GC invocations=13 (full 0):
 PSYoungGen      total 35840K, used 30302K [0x00000000d5e00000, 0x00000000d8c80000, 0x0000000100000000)
  eden space 26112K, 100% used [0x00000000d5e00000,0x00000000d7780000,0x00000000d7780000)
  from space 9728K, 43% used [0x00000000d8300000,0x00000000d87179b0,0x00000000d8c80000)
  to   space 10752K, 0% used [0x00000000d7780000,0x00000000d7780000,0x00000000d8200000)
 ParOldGen       total 87552K, used 22998K [0x0000000081a00000, 0x0000000086f80000, 0x00000000d5e00000)
  object space 87552K, 26% used [0x0000000081a00000,0x0000000083075820,0x0000000086f80000)
 Metaspace       used 8443K, capacity 8580K, committed 8704K, reserved 1056768K
  class space    used 930K, capacity 954K, committed 1024K, reserved 1048576K
Event: 52.885 GC heap after
Heap after GC invocations=13 (full 0):
 PSYoungGen      total 26112K, used 160K [0x00000000d5e00000, 0x00000000d8c00000, 0x0000000100000000)
  eden space 25600K, 0% used [0x00000000d5e00000,0x00000000d5e00000,0x00000000d7700000)
  from space 512K, 31% used [0x00000000d7780000,0x00000000d77a8000,0x00000000d7800000)
  to   space 10752K, 0% used [0x00000000d8180000,0x00000000d8180000,0x00000000d8c00000)
 ParOldGen       total 87552K, used 26572K [0x0000000081a00000, 0x0000000086f80000, 0x00000000d5e00000)
  object space 87552K, 30% used [0x0000000081a00000,0x00000000833f31c0,0x0000000086f80000)
 Metaspace       used 8443K, capacity 8580K, committed 8704K, reserved 1056768K
  class space    used 930K, capacity 954K, committed 1024K, reserved 1048576K
}
Event: 53.186 GC heap before
{Heap before GC invocations=14 (full 0):
 PSYoungGen      total 26112K, used 25760K [0x00000000d5e00000, 0x00000000d8c00000, 0x0000000100000000)
  eden space 25600K, 100% used [0x00000000d5e00000,0x00000000d7700000,0x00000000d7700000)
  from space 512K, 31% used [0x00000000d7780000,0x00000000d77a8000,0x00000000d7800000)
  to   space 10752K, 0% used [0x00000000d8180000,0x00000000d8180000,0x00000000d8c00000)
 ParOldGen       total 87552K, used 26572K [0x0000000081a00000, 0x0000000086f80000, 0x00000000d5e00000)
  object space 87552K, 30% used [0x0000000081a00000,0x00000000833f31c0,0x0000000086f80000)
 Metaspace       used 8443K, capacity 8580K, committed 8704K, reserved 1056768K
  class space    used 930K, capacity 954K, committed 1024K, reserved 1048576K
Event: 53.186 GC heap after
Heap after GC invocations=14 (full 0):
 PSYoungGen      total 35328K, used 32K [0x00000000d5e00000, 0x00000000d8b80000, 0x0000000100000000)
  eden space 25088K, 0% used [0x00000000d5e00000,0x00000000d5e00000,0x00000000d7680000)
  from space 10240K, 0% used [0x00000000d8180000,0x00000000d8188000,0x00000000d8b80000)
  to   space 10752K, 0% used [0x00000000d7680000,0x00000000d7680000,0x00000000d8100000)
 ParOldGen       total 87552K, used 26624K [0x0000000081a00000, 0x0000000086f80000, 0x00000000d5e00000)
  object space 87552K, 30% used [0x0000000081a00000,0x00000000834002c0,0x0000000086f80000)
 Metaspace       used 8443K, capacity 8580K, committed 8704K, reserved 1056768K
  class space    used 930K, capacity 954K, committed 1024K, reserved 1048576K
}

