# JRE version: Java(TM) SE Runtime Environment (8.0_45-b15) (build 1.8.0_45-b15)
# Java VM: Java HotSpot(TM) 64-Bit Server VM (25.45-b02 mixed mode windows-amd64 compressed oops)
Heap:
 PSYoungGen      total 29184K, used 20080K [0x00000000d5e00000, 0x00000000d8500000, 0x0000000100000000)
  eden space 28672K, 69% used [0x00000000d5e00000,0x00000000d7194108,0x00000000d7a00000)
  from space 512K, 6% used [0x00000000d7a80000,0x00000000d7a88000,0x00000000d7b00000)
  to   space 5632K, 0% used [0x00000000d7f80000,0x00000000d7f80000,0x00000000d8500000)
 ParOldGen       total 87552K, used 10515K [0x0000000081a00000, 0x0000000086f80000, 0x00000000d5e00000)
  object space 87552K, 12% used [0x0000000081a00000,0x0000000082444cb0,0x0000000086f80000)
 Metaspace       used 8605K, capacity 8736K, committed 8960K, reserved 1056768K
  class space    used 951K, capacity 986K, committed 1024K, reserved 1048576K
GC Heap History (10 events):
Event: 9.364 GC heap before
{Heap before GC invocations=9 (full 0):
 PSYoungGen      total 35328K, used 34974K [0x00000000d5e00000, 0x00000000d8580000, 0x0000000100000000)
  eden space 31232K, 100% used [0x00000000d5e00000,0x00000000d7c80000,0x00000000d7c80000)
  from space 4096K, 91% used [0x00000000d8180000,0x00000000d85279a0,0x00000000d8580000)
  to   space 4608K, 0% used [0x00000000d7c80000,0x00000000d7c80000,0x00000000d8100000)
 ParOldGen       total 87552K, used 3225K [0x0000000081a00000, 0x0000000086f80000, 0x00000000d5e00000)
  object space 87552K, 3% used [0x0000000081a00000,0x0000000081d26670,0x0000000086f80000)
 Metaspace       used 8584K, capacity 8724K, committed 8960K, reserved 1056768K
  class space    used 950K, capacity 984K, committed 1024K, reserved 1048576K
Event: 9.365 GC heap after
Heap after GC invocations=9 (full 0):
 PSYoungGen      total 35328K, used 3742K [0x00000000d5e00000, 0x00000000d8600000, 0x0000000100000000)
  eden space 30720K, 0% used [0x00000000d5e00000,0x00000000d5e00000,0x00000000d7c00000)
  from space 4608K, 81% used [0x00000000d7c80000,0x00000000d80279a0,0x00000000d8100000)
  to   space 5120K, 0% used [0x00000000d8100000,0x00000000d8100000,0x00000000d8600000)
 ParOldGen       total 87552K, used 3225K [0x0000000081a00000, 0x0000000086f80000, 0x00000000d5e00000)
  object space 87552K, 3% used [0x0000000081a00000,0x0000000081d26670,0x0000000086f80000)
 Metaspace       used 8584K, capacity 8724K, committed 8960K, reserved 1056768K
  class space    used 950K, capacity 984K, committed 1024K, reserved 1048576K
}
Event: 9.900 GC heap before
{Heap before GC invocations=10 (full 0):
 PSYoungGen      total 35328K, used 34462K [0x00000000d5e00000, 0x00000000d8600000, 0x0000000100000000)
  eden space 30720K, 100% used [0x00000000d5e00000,0x00000000d7c00000,0x00000000d7c00000)
  from space 4608K, 81% used [0x00000000d7c80000,0x00000000d80279a0,0x00000000d8100000)
  to   space 5120K, 0% used [0x00000000d8100000,0x00000000d8100000,0x00000000d8600000)
 ParOldGen       total 87552K, used 3225K [0x0000000081a00000, 0x0000000086f80000, 0x00000000d5e00000)
  object space 87552K, 3% used [0x0000000081a00000,0x0000000081d26670,0x0000000086f80000)
 Metaspace       used 8584K, capacity 8724K, committed 8960K, reserved 1056768K
  class space    used 950K, capacity 984K, committed 1024K, reserved 1048576K
Event: 9.903 GC heap after
Heap after GC invocations=10 (full 0):
 PSYoungGen      total 34816K, used 32K [0x00000000d5e00000, 0x00000000d8580000, 0x0000000100000000)
  eden space 30208K, 0% used [0x00000000d5e00000,0x00000000d5e00000,0x00000000d7b80000)
  from space 4608K, 0% used [0x00000000d8100000,0x00000000d8108000,0x00000000d8580000)
  to   space 5120K, 0% used [0x00000000d7b80000,0x00000000d7b80000,0x00000000d8080000)
 ParOldGen       total 87552K, used 6892K [0x0000000081a00000, 0x0000000086f80000, 0x00000000d5e00000)
  object space 87552K, 7% used [0x0000000081a00000,0x00000000820bb110,0x0000000086f80000)
 Metaspace       used 8584K, capacity 8724K, committed 8960K, reserved 1056768K
  class space    used 950K, capacity 984K, committed 1024K, reserved 1048576K
}
Event: 10.283 GC heap before
{Heap before GC invocations=11 (full 0):
 PSYoungGen      total 34816K, used 30240K [0x00000000d5e00000, 0x00000000d8580000, 0x0000000100000000)
  eden space 30208K, 100% used [0x00000000d5e00000,0x00000000d7b80000,0x00000000d7b80000)
  from space 4608K, 0% used [0x00000000d8100000,0x00000000d8108000,0x00000000d8580000)
  to   space 5120K, 0% used [0x00000000d7b80000,0x00000000d7b80000,0x00000000d8080000)
 ParOldGen       total 87552K, used 6892K [0x0000000081a00000, 0x0000000086f80000, 0x00000000d5e00000)
  object space 87552K, 7% used [0x0000000081a00000,0x00000000820bb110,0x0000000086f80000)
 Metaspace       used 8584K, capacity 8724K, committed 8960K, reserved 1056768K
  class space    used 950K, capacity 984K, committed 1024K, reserved 1048576K
Event: 10.284 GC heap after
Heap after GC invocations=11 (full 0):
 PSYoungGen      total 34816K, used 32K [0x00000000d5e00000, 0x00000000d8600000, 0x0000000100000000)
  eden space 29696K, 0% used [0x00000000d5e00000,0x00000000d5e00000,0x00000000d7b00000)
  from space 5120K, 0% used [0x00000000d7b80000,0x00000000d7b88000,0x00000000d8080000)
  to   space 5632K, 0% used [0x00000000d8080000,0x00000000d8080000,0x00000000d8600000)
 ParOldGen       total 87552K, used 6892K [0x0000000081a00000, 0x0000000086f80000, 0x00000000d5e00000)
  object space 87552K, 7% used [0x0000000081a00000,0x00000000820bb110,0x0000000086f80000)
 Metaspace       used 8584K, capacity 8724K, committed 8960K, reserved 1056768K
  class space    used 950K, capacity 984K, committed 1024K, reserved 1048576K
}
Event: 11.904 GC heap before
{Heap before GC invocations=12 (full 0):
 PSYoungGen      total 34816K, used 29728K [0x00000000d5e00000, 0x00000000d8600000, 0x0000000100000000)
  eden space 29696K, 100% used [0x00000000d5e00000,0x00000000d7b00000,0x00000000d7b00000)
  from space 5120K, 0% used [0x00000000d7b80000,0x00000000d7b88000,0x00000000d8080000)
  to   space 5632K, 0% used [0x00000000d8080000,0x00000000d8080000,0x00000000d8600000)
 ParOldGen       total 87552K, used 6892K [0x0000000081a00000, 0x0000000086f80000, 0x00000000d5e00000)
  object space 87552K, 7% used [0x0000000081a00000,0x00000000820bb110,0x0000000086f80000)
 Metaspace       used 8605K, capacity 8736K, committed 8960K, reserved 1056768K
  class space    used 951K, capacity 986K, committed 1024K, reserved 1048576K
Event: 11.905 GC heap after
Heap after GC invocations=12 (full 0):
 PSYoungGen      total 34304K, used 3710K [0x00000000d5e00000, 0x00000000d8580000, 0x0000000100000000)
  eden space 29184K, 0% used [0x00000000d5e00000,0x00000000d5e00000,0x00000000d7a80000)
  from space 5120K, 72% used [0x00000000d8080000,0x00000000d841f9a0,0x00000000d8580000)
  to   space 5632K, 0% used [0x00000000d7a80000,0x00000000d7a80000,0x00000000d8000000)
 ParOldGen       total 87552K, used 6900K [0x0000000081a00000, 0x0000000086f80000, 0x00000000d5e00000)
  object space 87552K, 7% used [0x0000000081a00000,0x00000000820bd110,0x0000000086f80000)
 Metaspace       used 8605K, capacity 8736K, committed 8960K, reserved 1056768K
  class space    used 951K, capacity 986K, committed 1024K, reserved 1048576K
}
Event: 12.287 GC heap before
{Heap before GC invocations=13 (full 0):
 PSYoungGen      total 34304K, used 32894K [0x00000000d5e00000, 0x00000000d8580000, 0x0000000100000000)
  eden space 29184K, 100% used [0x00000000d5e00000,0x00000000d7a80000,0x00000000d7a80000)
  from space 5120K, 72% used [0x00000000d8080000,0x00000000d841f9a0,0x00000000d8580000)
  to   space 5632K, 0% used [0x00000000d7a80000,0x00000000d7a80000,0x00000000d8000000)
 ParOldGen       total 87552K, used 6900K [0x0000000081a00000, 0x0000000086f80000, 0x00000000d5e00000)
  object space 87552K, 7% used [0x0000000081a00000,0x00000000820bd110,0x0000000086f80000)
 Metaspace       used 8605K, capacity 8736K, committed 8960K, reserved 1056768K
  class space    used 951K, capacity 986K, committed 1024K, reserved 1048576K
Event: 12.289 GC heap after
Heap after GC invocations=13 (full 0):
 PSYoungGen      total 29184K, used 32K [0x00000000d5e00000, 0x00000000d8500000, 0x0000000100000000)
  eden space 28672K, 0% used [0x00000000d5e00000,0x00000000d5e00000,0x00000000d7a00000)
  from space 512K, 6% used [0x00000000d7a80000,0x00000000d7a88000,0x00000000d7b00000)
  to   space 5632K, 0% used [0x00000000d7f80000,0x00000000d7f80000,0x00000000d8500000)
 ParOldGen       total 87552K, used 10515K [0x0000000081a00000, 0x0000000086f80000, 0x00000000d5e00000)
  object space 87552K, 12% used [0x0000000081a00000,0x0000000082444cb0,0x0000000086f80000)
 Metaspace       used 8605K, capacity 8736K, committed 8960K, reserved 1056768K
  class space    used 951K, capacity 986K, committed 1024K, reserved 1048576K
}

