# JRE version: Java(TM) SE Runtime Environment (8.0_45-b15) (build 1.8.0_45-b15)
# Java VM: Java HotSpot(TM) 64-Bit Server VM (25.45-b02 mixed mode windows-amd64 compressed oops)
Heap:
 PSYoungGen      total 29184K, used 1177K [0x00000000d5e00000, 0x00000000d9200000, 0x0000000100000000)
  eden space 28672K, 3% used [0x00000000d5e00000,0x00000000d5f1e4f0,0x00000000d7a00000)
  from space 512K, 6% used [0x00000000d8a80000,0x00000000d8a88000,0x00000000d8b00000)
  to   space 5632K, 0% used [0x00000000d8c80000,0x00000000d8c80000,0x00000000d9200000)
 ParOldGen       total 87552K, used 10505K [0x0000000081a00000, 0x0000000086f80000, 0x00000000d5e00000)
  object space 87552K, 11% used [0x0000000081a00000,0x0000000082442590,0x0000000086f80000)
 Metaspace       used 8610K, capacity 8740K, committed 8960K, reserved 1056768K
  class space    used 951K, capacity 986K, committed 1024K, reserved 1048576K
GC Heap History (10 events):
Event: 9.545 GC heap before
{Heap before GC invocations=9 (full 0):
 PSYoungGen      total 31744K, used 31392K [0x00000000d5e00000, 0x00000000d9b00000, 0x0000000100000000)
  eden space 31232K, 100% used [0x00000000d5e00000,0x00000000d7c80000,0x00000000d7c80000)
  from space 512K, 31% used [0x00000000d9a80000,0x00000000d9aa8000,0x00000000d9b00000)
  to   space 5120K, 0% used [0x00000000d9100000,0x00000000d9100000,0x00000000d9600000)
 ParOldGen       total 87552K, used 6786K [0x0000000081a00000, 0x0000000086f80000, 0x00000000d5e00000)
  object space 87552K, 7% used [0x0000000081a00000,0x00000000820a09f0,0x0000000086f80000)
 Metaspace       used 8586K, capacity 8728K, committed 8960K, reserved 1056768K
  class space    used 950K, capacity 984K, committed 1024K, reserved 1048576K
Event: 9.545 GC heap after
Heap after GC invocations=9 (full 0):
 PSYoungGen      total 35840K, used 128K [0x00000000d5e00000, 0x00000000d9b00000, 0x0000000100000000)
  eden space 30720K, 0% used [0x00000000d5e00000,0x00000000d5e00000,0x00000000d7c00000)
  from space 5120K, 2% used [0x00000000d9100000,0x00000000d9120000,0x00000000d9600000)
  to   space 5120K, 0% used [0x00000000d9600000,0x00000000d9600000,0x00000000d9b00000)
 ParOldGen       total 87552K, used 6786K [0x0000000081a00000, 0x0000000086f80000, 0x00000000d5e00000)
  object space 87552K, 7% used [0x0000000081a00000,0x00000000820a09f0,0x0000000086f80000)
 Metaspace       used 8586K, capacity 8728K, committed 8960K, reserved 1056768K
  class space    used 950K, capacity 984K, committed 1024K, reserved 1048576K
}
Event: 9.979 GC heap before
{Heap before GC invocations=10 (full 0):
 PSYoungGen      total 35840K, used 30848K [0x00000000d5e00000, 0x00000000d9b00000, 0x0000000100000000)
  eden space 30720K, 100% used [0x00000000d5e00000,0x00000000d7c00000,0x00000000d7c00000)
  from space 5120K, 2% used [0x00000000d9100000,0x00000000d9120000,0x00000000d9600000)
  to   space 5120K, 0% used [0x00000000d9600000,0x00000000d9600000,0x00000000d9b00000)
 ParOldGen       total 87552K, used 6786K [0x0000000081a00000, 0x0000000086f80000, 0x00000000d5e00000)
  object space 87552K, 7% used [0x0000000081a00000,0x00000000820a09f0,0x0000000086f80000)
 Metaspace       used 8586K, capacity 8728K, committed 8960K, reserved 1056768K
  class space    used 950K, capacity 984K, committed 1024K, reserved 1048576K
Event: 9.980 GC heap after
Heap after GC invocations=10 (full 0):
 PSYoungGen      total 30720K, used 32K [0x00000000d5e00000, 0x00000000d9680000, 0x0000000100000000)
  eden space 30208K, 0% used [0x00000000d5e00000,0x00000000d5e00000,0x00000000d7b80000)
  from space 512K, 6% used [0x00000000d9600000,0x00000000d9608000,0x00000000d9680000)
  to   space 5120K, 0% used [0x00000000d8c80000,0x00000000d8c80000,0x00000000d9180000)
 ParOldGen       total 87552K, used 6902K [0x0000000081a00000, 0x0000000086f80000, 0x00000000d5e00000)
  object space 87552K, 7% used [0x0000000081a00000,0x00000000820bdaf0,0x0000000086f80000)
 Metaspace       used 8586K, capacity 8728K, committed 8960K, reserved 1056768K
  class space    used 950K, capacity 984K, committed 1024K, reserved 1048576K
}
Event: 10.341 GC heap before
{Heap before GC invocations=11 (full 0):
 PSYoungGen      total 30720K, used 30240K [0x00000000d5e00000, 0x00000000d9680000, 0x0000000100000000)
  eden space 30208K, 100% used [0x00000000d5e00000,0x00000000d7b80000,0x00000000d7b80000)
  from space 512K, 6% used [0x00000000d9600000,0x00000000d9608000,0x00000000d9680000)
  to   space 5120K, 0% used [0x00000000d8c80000,0x00000000d8c80000,0x00000000d9180000)
 ParOldGen       total 87552K, used 6902K [0x0000000081a00000, 0x0000000086f80000, 0x00000000d5e00000)
  object space 87552K, 7% used [0x0000000081a00000,0x00000000820bdaf0,0x0000000086f80000)
 Metaspace       used 8586K, capacity 8728K, committed 8960K, reserved 1056768K
  class space    used 950K, capacity 984K, committed 1024K, reserved 1048576K
Event: 10.342 GC heap after
Heap after GC invocations=11 (full 0):
 PSYoungGen      total 34816K, used 32K [0x00000000d5e00000, 0x00000000d9680000, 0x0000000100000000)
  eden space 29696K, 0% used [0x00000000d5e00000,0x00000000d5e00000,0x00000000d7b00000)
  from space 5120K, 0% used [0x00000000d8c80000,0x00000000d8c88000,0x00000000d9180000)
  to   space 5120K, 0% used [0x00000000d9180000,0x00000000d9180000,0x00000000d9680000)
 ParOldGen       total 87552K, used 6902K [0x0000000081a00000, 0x0000000086f80000, 0x00000000d5e00000)
  object space 87552K, 7% used [0x0000000081a00000,0x00000000820bdaf0,0x0000000086f80000)
 Metaspace       used 8586K, capacity 8728K, committed 8960K, reserved 1056768K
  class space    used 950K, capacity 984K, committed 1024K, reserved 1048576K
}
Event: 11.912 GC heap before
{Heap before GC invocations=12 (full 0):
 PSYoungGen      total 34816K, used 29728K [0x00000000d5e00000, 0x00000000d9680000, 0x0000000100000000)
  eden space 29696K, 100% used [0x00000000d5e00000,0x00000000d7b00000,0x00000000d7b00000)
  from space 5120K, 0% used [0x00000000d8c80000,0x00000000d8c88000,0x00000000d9180000)
  to   space 5120K, 0% used [0x00000000d9180000,0x00000000d9180000,0x00000000d9680000)
 ParOldGen       total 87552K, used 6902K [0x0000000081a00000, 0x0000000086f80000, 0x00000000d5e00000)
  object space 87552K, 7% used [0x0000000081a00000,0x00000000820bdaf0,0x0000000086f80000)
 Metaspace       used 8610K, capacity 8740K, committed 8960K, reserved 1056768K
  class space    used 951K, capacity 986K, committed 1024K, reserved 1048576K
Event: 11.915 GC heap after
Heap after GC invocations=12 (full 0):
 PSYoungGen      total 33280K, used 3710K [0x00000000d5e00000, 0x00000000d9580000, 0x0000000100000000)
  eden space 29184K, 0% used [0x00000000d5e00000,0x00000000d5e00000,0x00000000d7a80000)
  from space 4096K, 90% used [0x00000000d9180000,0x00000000d951f9a0,0x00000000d9580000)
  to   space 5632K, 0% used [0x00000000d8a80000,0x00000000d8a80000,0x00000000d9000000)
 ParOldGen       total 87552K, used 6910K [0x0000000081a00000, 0x0000000086f80000, 0x00000000d5e00000)
  object space 87552K, 7% used [0x0000000081a00000,0x00000000820bfaf0,0x0000000086f80000)
 Metaspace       used 8610K, capacity 8740K, committed 8960K, reserved 1056768K
  class space    used 951K, capacity 986K, committed 1024K, reserved 1048576K
}
Event: 12.282 GC heap before
{Heap before GC invocations=13 (full 0):
 PSYoungGen      total 33280K, used 32894K [0x00000000d5e00000, 0x00000000d9580000, 0x0000000100000000)
  eden space 29184K, 100% used [0x00000000d5e00000,0x00000000d7a80000,0x00000000d7a80000)
  from space 4096K, 90% used [0x00000000d9180000,0x00000000d951f9a0,0x00000000d9580000)
  to   space 5632K, 0% used [0x00000000d8a80000,0x00000000d8a80000,0x00000000d9000000)
 ParOldGen       total 87552K, used 6910K [0x0000000081a00000, 0x0000000086f80000, 0x00000000d5e00000)
  object space 87552K, 7% used [0x0000000081a00000,0x00000000820bfaf0,0x0000000086f80000)
 Metaspace       used 8610K, capacity 8740K, committed 8960K, reserved 1056768K
  class space    used 951K, capacity 986K, committed 1024K, reserved 1048576K
Event: 12.285 GC heap after
Heap after GC invocations=13 (full 0):
 PSYoungGen      total 29184K, used 32K [0x00000000d5e00000, 0x00000000d9200000, 0x0000000100000000)
  eden space 28672K, 0% used [0x00000000d5e00000,0x00000000d5e00000,0x00000000d7a00000)
  from space 512K, 6% used [0x00000000d8a80000,0x00000000d8a88000,0x00000000d8b00000)
  to   space 5632K, 0% used [0x00000000d8c80000,0x00000000d8c80000,0x00000000d9200000)
 ParOldGen       total 87552K, used 10505K [0x0000000081a00000, 0x0000000086f80000, 0x00000000d5e00000)
  object space 87552K, 11% used [0x0000000081a00000,0x0000000082442590,0x0000000086f80000)
 Metaspace       used 8610K, capacity 8740K, committed 8960K, reserved 1056768K
  class space    used 951K, capacity 986K, committed 1024K, reserved 1048576K
}

